-------------------------------------------------------------------------------
Test set: br.espm.cambio.CambioApplicationTests
-------------------------------------------------------------------------------
Tests run: 1, Failures: 0, Errors: 1, Skipped: 0, Time elapsed: 5.111 s <<< FAILURE! - in br.espm.cambio.CambioApplicationTests
contextLoads  Time elapsed: 0.003 s  <<< ERROR!
java.lang.IllegalStateException: Failed to load ApplicationContext
Caused by: org.springframework.beans.factory.UnsatisfiedDependencyException: Error creating bean with name 'cambioResource': Unsatisfied dependency expressed through field 'moedaService'; nested exception is org.springframework.beans.factory.UnsatisfiedDependencyException: Error creating bean with name 'moedaService': Unsatisfied dependency expressed through field 'moedaRepository'; nested exception is org.springframework.beans.factory.BeanCreationException: Error creating bean with name 'moedaRepository' defined in br.espm.cambio.MoedaRepository defined in @EnableJpaRepositories declared on JpaRepositoriesRegistrar.EnableJpaRepositoriesConfiguration: Invocation of init method failed; nested exception is org.springframework.data.repository.query.QueryCreationException: Could not create query for public abstract java.util.Optional br.espm.cambio.MoedaRepository.findBySimbolo(java.lang.String)! Reason: Using named parameters for method public abstract java.util.Optional br.espm.cambio.MoedaRepository.findBySimbolo(java.lang.String) but parameter 'Optional[simbolo]' not found in annotated query 'Select m from MoedaModel WHERE UPPER(m.txSimbolo) = UPPER(:Simbolo)'!; nested exception is java.lang.IllegalStateException: Using named parameters for method public abstract java.util.Optional br.espm.cambio.MoedaRepository.findBySimbolo(java.lang.String) but parameter 'Optional[simbolo]' not found in annotated query 'Select m from MoedaModel WHERE UPPER(m.txSimbolo) = UPPER(:Simbolo)'!
Caused by: org.springframework.beans.factory.UnsatisfiedDependencyException: Error creating bean with name 'moedaService': Unsatisfied dependency expressed through field 'moedaRepository'; nested exception is org.springframework.beans.factory.BeanCreationException: Error creating bean with name 'moedaRepository' defined in br.espm.cambio.MoedaRepository defined in @EnableJpaRepositories declared on JpaRepositoriesRegistrar.EnableJpaRepositoriesConfiguration: Invocation of init method failed; nested exception is org.springframework.data.repository.query.QueryCreationException: Could not create query for public abstract java.util.Optional br.espm.cambio.MoedaRepository.findBySimbolo(java.lang.String)! Reason: Using named parameters for method public abstract java.util.Optional br.espm.cambio.MoedaRepository.findBySimbolo(java.lang.String) but parameter 'Optional[simbolo]' not found in annotated query 'Select m from MoedaModel WHERE UPPER(m.txSimbolo) = UPPER(:Simbolo)'!; nested exception is java.lang.IllegalStateException: Using named parameters for method public abstract java.util.Optional br.espm.cambio.MoedaRepository.findBySimbolo(java.lang.String) but parameter 'Optional[simbolo]' not found in annotated query 'Select m from MoedaModel WHERE UPPER(m.txSimbolo) = UPPER(:Simbolo)'!
Caused by: org.springframework.beans.factory.BeanCreationException: Error creating bean with name 'moedaRepository' defined in br.espm.cambio.MoedaRepository defined in @EnableJpaRepositories declared on JpaRepositoriesRegistrar.EnableJpaRepositoriesConfiguration: Invocation of init method failed; nested exception is org.springframework.data.repository.query.QueryCreationException: Could not create query for public abstract java.util.Optional br.espm.cambio.MoedaRepository.findBySimbolo(java.lang.String)! Reason: Using named parameters for method public abstract java.util.Optional br.espm.cambio.MoedaRepository.findBySimbolo(java.lang.String) but parameter 'Optional[simbolo]' not found in annotated query 'Select m from MoedaModel WHERE UPPER(m.txSimbolo) = UPPER(:Simbolo)'!; nested exception is java.lang.IllegalStateException: Using named parameters for method public abstract java.util.Optional br.espm.cambio.MoedaRepository.findBySimbolo(java.lang.String) but parameter 'Optional[simbolo]' not found in annotated query 'Select m from MoedaModel WHERE UPPER(m.txSimbolo) = UPPER(:Simbolo)'!
Caused by: org.springframework.data.repository.query.QueryCreationException: Could not create query for public abstract java.util.Optional br.espm.cambio.MoedaRepository.findBySimbolo(java.lang.String)! Reason: Using named parameters for method public abstract java.util.Optional br.espm.cambio.MoedaRepository.findBySimbolo(java.lang.String) but parameter 'Optional[simbolo]' not found in annotated query 'Select m from MoedaModel WHERE UPPER(m.txSimbolo) = UPPER(:Simbolo)'!; nested exception is java.lang.IllegalStateException: Using named parameters for method public abstract java.util.Optional br.espm.cambio.MoedaRepository.findBySimbolo(java.lang.String) but parameter 'Optional[simbolo]' not found in annotated query 'Select m from MoedaModel WHERE UPPER(m.txSimbolo) = UPPER(:Simbolo)'!
Caused by: java.lang.IllegalStateException: Using named parameters for method public abstract java.util.Optional br.espm.cambio.MoedaRepository.findBySimbolo(java.lang.String) but parameter 'Optional[simbolo]' not found in annotated query 'Select m from MoedaModel WHERE UPPER(m.txSimbolo) = UPPER(:Simbolo)'!

